<?xml version="1.0" encoding="UTF-8"?>
<!-- Generated by org.testng.reporters.JUnitReportReporter -->
<testsuite hostname="LAPTOP-FN6RJ6BB" failures="0" tests="3" name="com.crm.testNG.DataProviderForBankingAppliWithExcelTest" time="0.009" errors="0" timestamp="2022-06-14T16:20:34 IST" skipped="0">
  <testcase classname="com.crm.testNG.DataProviderForBankingAppliWithExcelTest" name="transferMoneyTest" time="0.006"/>
  <system-out/>
  <testcase classname="com.crm.testNG.DataProviderForBankingAppliWithExcelTest" name="transferMoneyTest" time="0.002"/>
  <system-out/>
  <testcase classname="com.crm.testNG.DataProviderForBankingAppliWithExcelTest" name="transferMoneyTest" time="0.001"/>
  <system-out/>
</testsuite> <!-- com.crm.testNG.DataProviderForBankingAppliWithExcelTest -->
