<?xml version="1.0" encoding="UTF-8"?>
<!-- Generated by org.testng.reporters.JUnitReportReporter -->
<testsuite hostname="LAPTOP-FN6RJ6BB" failures="0" tests="1" name="com.crm.createcontact.CreateContactAndVerifyTest" time="18.901" errors="0" timestamp="2022-06-24T16:03:04 IST" skipped="0">
  <testcase classname="com.crm.createcontact.CreateContactAndVerifyTest" name="createContactAndVerifyTest" time="18.901"/>
  <system-out/>
</testsuite> <!-- com.crm.createcontact.CreateContactAndVerifyTest -->
