<?xml version="1.0" encoding="UTF-8"?>
<!-- Generated by org.testng.reporters.JUnitReportReporter -->
<testsuite hostname="LAPTOP-FN6RJ6BB" failures="0" tests="1" name="com.crm.purchaseorder.CreatePurchaseOrderWithItemQtyListPriceTest" time="12.481" errors="0" timestamp="2022-06-23T17:24:11 IST" skipped="0">
  <testcase classname="com.crm.purchaseorder.CreatePurchaseOrderWithItemQtyListPriceTest" name="createPurchaseOrderWithItemQtyListPriceTest" time="12.481"/>
  <system-out/>
</testsuite> <!-- com.crm.purchaseorder.CreatePurchaseOrderWithItemQtyListPriceTest -->
