<?xml version="1.0" encoding="UTF-8"?>
<!-- Generated by org.testng.reporters.JUnitReportReporter -->
<testsuite hostname="LAPTOP-FN6RJ6BB" failures="0" tests="1" name="com.crm.createvendor.AddVendorAddProductAndVerifyTEST" time="14.365" errors="0" timestamp="2022-06-14T17:15:03 IST" skipped="0">
  <testcase classname="com.crm.createvendor.AddVendorAddProductAndVerifyTEST" name="addVendorAddProductAndVerifyTEST" time="14.365"/>
  <system-out/>
</testsuite> <!-- com.crm.createvendor.AddVendorAddProductAndVerifyTEST -->
