<?xml version="1.0" encoding="UTF-8"?>
<!-- Generated by org.testng.reporters.JUnitReportReporter -->
<testsuite hostname="LAPTOP-FN6RJ6BB" failures="0" tests="1" name="com.crm.purchaseorder.CreatePurchaseOrderWithItemQtyListPriceTest" time="12.379" errors="0" timestamp="2022-06-23T12:57:23 IST" skipped="0">
  <testcase classname="com.crm.purchaseorder.CreatePurchaseOrderWithItemQtyListPriceTest" name="createPurchaseOrderWithItemQtyListPriceTest" time="12.379"/>
  <system-out/>
</testsuite> <!-- com.crm.purchaseorder.CreatePurchaseOrderWithItemQtyListPriceTest -->
