<?xml version="1.0" encoding="UTF-8"?>
<!-- Generated by org.testng.reporters.JUnitReportReporter -->
<testsuite hostname="LAPTOP-FN6RJ6BB" failures="0" tests="6" name="com.crm.testNG.PrintAnimalSizesInvocationCountTest" time="0.010" errors="0" timestamp="2022-06-13T15:58:54 IST" skipped="0">
  <testcase classname="com.crm.testNG.PrintAnimalSizesInvocationCountTest" name="elephantTest" time="0.001"/>
  <system-out/>
  <testcase classname="com.crm.testNG.PrintAnimalSizesInvocationCountTest" name="elephantTest" time="0.006"/>
  <system-out/>
  <testcase classname="com.crm.testNG.PrintAnimalSizesInvocationCountTest" name="dogTest" time="0.000"/>
  <system-out/>
  <testcase classname="com.crm.testNG.PrintAnimalSizesInvocationCountTest" name="dogTest" time="0.001"/>
  <system-out/>
  <testcase classname="com.crm.testNG.PrintAnimalSizesInvocationCountTest" name="dogTest" time="0.001"/>
  <system-out/>
  <testcase classname="com.crm.testNG.PrintAnimalSizesInvocationCountTest" name="dogTest" time="0.001"/>
  <system-out/>
</testsuite> <!-- com.crm.testNG.PrintAnimalSizesInvocationCountTest -->
