<?xml version="1.0" encoding="UTF-8"?>
<!-- Generated by org.testng.reporters.JUnitReportReporter -->
<testsuite hostname="LAPTOP-FN6RJ6BB" failures="0" tests="3" name="com.crm.testNG.DataProviderForBankingAppli" time="0.007" errors="0" timestamp="2022-06-14T12:08:26 IST" skipped="0">
  <testcase classname="com.crm.testNG.DataProviderForBankingAppli" name="transferMoney" time="0.005"/>
  <system-out/>
  <testcase classname="com.crm.testNG.DataProviderForBankingAppli" name="transferMoney" time="0.001"/>
  <system-out/>
  <testcase classname="com.crm.testNG.DataProviderForBankingAppli" name="transferMoney" time="0.001"/>
  <system-out/>
</testsuite> <!-- com.crm.testNG.DataProviderForBankingAppli -->
