<?xml version="1.0" encoding="UTF-8"?>
<!-- Generated by org.testng.reporters.JUnitReportReporter -->
<testsuite hostname="LAPTOP-FN6RJ6BB" failures="0" tests="3" name="com.crm.testNG.PrintAnimalSizes" time="0.008" errors="0" timestamp="2022-06-13T15:50:08 IST" skipped="0">
  <testcase classname="com.crm.testNG.PrintAnimalSizes" name="elephantTest" time="0.006"/>
  <system-out/>
  <testcase classname="com.crm.testNG.PrintAnimalSizes" name="ratTest" time="0.001"/>
  <system-out/>
  <testcase classname="com.crm.testNG.PrintAnimalSizes" name="dogTest" time="0.001"/>
  <system-out/>
</testsuite> <!-- com.crm.testNG.PrintAnimalSizes -->
