<?xml version="1.0" encoding="UTF-8"?>
<!-- Generated by org.testng.reporters.JUnitReportReporter -->
<testsuite hostname="LAPTOP-FN6RJ6BB" failures="0" tests="5" name="com.crm.testNG.PrintAnimalSizesEnabledTest" time="0.008" errors="0" timestamp="2022-06-13T16:01:36 IST" skipped="1">
  <testcase classname="com.crm.testNG.PrintAnimalSizesEnabledTest" name="dogTest" time="0.001"/>
  <system-out/>
  <testcase classname="com.crm.testNG.PrintAnimalSizesEnabledTest" name="dogTest" time="0.001"/>
  <system-out/>
  <testcase classname="com.crm.testNG.PrintAnimalSizesEnabledTest" name="dogTest" time="0.001"/>
  <system-out/>
  <testcase classname="com.crm.testNG.PrintAnimalSizesEnabledTest" name="dogTest" time="0.005"/>
  <system-out/>
  <testcase classname="com.crm.testNG.PrintAnimalSizesEnabledTest" name="elephantTest">
    <skipped/>
  </testcase> <!-- elephantTest -->
  <system-out/>
</testsuite> <!-- com.crm.testNG.PrintAnimalSizesEnabledTest -->
