<?xml version="1.0" encoding="UTF-8"?>
<!-- Generated by org.testng.reporters.JUnitReportReporter -->
<testsuite hostname="LAPTOP-FN6RJ6BB" failures="0" tests="1" name="com.crm.createcontact.CreateContactAddOrganizationAndVerifyTest" time="11.582" errors="0" timestamp="2022-06-21T17:52:54 IST" skipped="0">
  <testcase classname="com.crm.createcontact.CreateContactAddOrganizationAndVerifyTest" name="createContactAddOrganizationAndVerifyTest" time="11.582"/>
  <system-out/>
</testsuite> <!-- com.crm.createcontact.CreateContactAddOrganizationAndVerifyTest -->
