<?xml version="1.0" encoding="UTF-8"?>
<!-- Generated by org.testng.reporters.JUnitReportReporter -->
<testsuite hostname="LAPTOP-FN6RJ6BB" failures="0" tests="1" name="com.crm.createorganization.CreateOrganizationAndVerifyTest" time="11.278" errors="0" timestamp="2022-06-20T16:32:48 IST" skipped="0">
  <testcase classname="com.crm.createorganization.CreateOrganizationAndVerifyTest" name="createOrganizationAndVerifyTest" time="11.278"/>
  <system-out/>
</testsuite> <!-- com.crm.createorganization.CreateOrganizationAndVerifyTest -->
