<?xml version="1.0" encoding="UTF-8"?>
<!-- Generated by org.testng.reporters.JUnitReportReporter -->
<testsuite hostname="LAPTOP-FN6RJ6BB" failures="0" tests="1" name="com.crm.createcontact.CreateContactAndVerifyTest" time="15.328" errors="0" timestamp="2022-06-21T17:51:16 IST" skipped="0">
  <testcase classname="com.crm.createcontact.CreateContactAndVerifyTest" name="createContactAndVerifyTest" time="15.328"/>
  <system-out/>
</testsuite> <!-- com.crm.createcontact.CreateContactAndVerifyTest -->
