<?xml version="1.0" encoding="UTF-8"?>
<!-- Generated by org.testng.reporters.JUnitReportReporter -->
<testsuite hostname="LAPTOP-FN6RJ6BB" failures="0" tests="1" name="com.crm.createproduct.CreateProductAndVerifyTest" time="15.865" errors="0" timestamp="2022-06-21T17:51:16 IST" skipped="0">
  <testcase classname="com.crm.createproduct.CreateProductAndVerifyTest" name="createProductAndVerifyTest" time="15.865"/>
  <system-out/>
</testsuite> <!-- com.crm.createproduct.CreateProductAndVerifyTest -->
