<?xml version="1.0" encoding="UTF-8"?>
<!-- Generated by org.testng.reporters.JUnitReportReporter -->
<testsuite hostname="LAPTOP-FN6RJ6BB" failures="0" tests="2" name="com.crm.testNG.AnnotationTest" time="0.006" errors="0" timestamp="2022-06-13T17:28:17 IST" skipped="0">
  <testcase classname="com.crm.testNG.AnnotationTest" name="test1" time="0.002"/>
  <system-out/>
  <testcase classname="com.crm.testNG.AnnotationTest" name="test" time="0.004"/>
  <system-out/>
</testsuite> <!-- com.crm.testNG.AnnotationTest -->
