<?xml version="1.0" encoding="UTF-8"?>
<!-- Generated by org.testng.reporters.JUnitReportReporter -->
<testsuite hostname="LAPTOP-FN6RJ6BB" failures="0" tests="1" name="com.crm.createcontact.CreateContactAndVerifyTEST" time="19.153" errors="0" timestamp="2022-06-17T16:36:38 IST" skipped="0">
  <testcase classname="com.crm.createcontact.CreateContactAndVerifyTEST" name="createContactAndVerifyTEST" time="19.153"/>
  <system-out/>
</testsuite> <!-- com.crm.createcontact.CreateContactAndVerifyTEST -->
