<?xml version="1.0" encoding="UTF-8"?>
<!-- Generated by org.testng.reporters.JUnitReportReporter -->
<testsuite hostname="LAPTOP-FN6RJ6BB" failures="0" tests="1" name="com.crm.createvendor.CreateVendorCreateProductAddVendorAndVerifyTEST" time="21.922" errors="0" timestamp="2022-06-15T17:58:17 IST" skipped="0">
  <testcase classname="com.crm.createvendor.CreateVendorCreateProductAddVendorAndVerifyTEST" name="createVendorCreateProductAddVendorAndVerifyTEST" time="21.922"/>
  <system-out/>
</testsuite> <!-- com.crm.createvendor.CreateVendorCreateProductAddVendorAndVerifyTEST -->
