<?xml version="1.0" encoding="UTF-8"?>
<!-- Generated by org.testng.reporters.JUnitReportReporter -->
<testsuite hostname="LAPTOP-FN6RJ6BB" failures="0" tests="1" name="com.crm.createvendor.CreateVendorCreateProductAddVendorAndVerifyTest" time="20.836" errors="0" timestamp="2022-06-21T17:51:16 IST" skipped="0">
  <testcase classname="com.crm.createvendor.CreateVendorCreateProductAddVendorAndVerifyTest" name="createVendorCreateProductAddVendorAndVerifyTest" time="20.836"/>
  <system-out/>
</testsuite> <!-- com.crm.createvendor.CreateVendorCreateProductAddVendorAndVerifyTest -->
