<?xml version="1.0" encoding="UTF-8"?>
<!-- Generated by org.testng.reporters.JUnitReportReporter -->
<testsuite hostname="LAPTOP-FN6RJ6BB" failures="0" tests="1" name="com.crm.createcampaign.CreateCampaignAddProductAndVerifyTEST" time="11.233" errors="0" timestamp="2022-06-16T18:06:58 IST" skipped="0">
  <testcase classname="com.crm.createcampaign.CreateCampaignAddProductAndVerifyTEST" name="createCampaignAddProductAndVerifyTEST" time="11.233"/>
  <system-out/>
</testsuite> <!-- com.crm.createcampaign.CreateCampaignAddProductAndVerifyTEST -->
